<?xml version="1.0" encoding="UTF-8"?>
<!-- Generated by org.testng.reporters.JUnitReportReporter -->
<testsuite hostname="DESKTOP-V310COA" failures="0" tests="1" name="TestCases.TC_AlertButtonHandle_002" time="25.828" errors="0" timestamp="2020-05-26T22:31:35 IST" skipped="0">
  <testcase classname="TestCases.TC_AlertButtonHandle_002" name="HandleAlerts" time="25.828"/>
  <system-out/>
</testsuite> <!-- TestCases.TC_AlertButtonHandle_002 -->
