<?xml version="1.0" encoding="UTF-8"?>
<!-- Generated by org.testng.reporters.JUnitReportReporter -->
<testsuite hostname="DESKTOP-V310COA" failures="0" tests="1" name="TestCases.TC_Slidder_008" time="18.634" errors="0" timestamp="2020-05-28T17:27:33 IST" skipped="0">
  <testcase classname="TestCases.TC_Slidder_008" name="SlidderAction" time="18.634"/>
  <system-out/>
</testsuite> <!-- TestCases.TC_Slidder_008 -->
