<?xml version="1.0" encoding="UTF-8"?>
<!-- Generated by org.testng.reporters.JUnitReportReporter -->
<testsuite hostname="DESKTOP-V310COA" failures="0" tests="1" name="TestCases.TC_LoginTest__001" time="28.318" errors="0" timestamp="2020-05-25T23:15:32 IST" skipped="0">
  <testcase classname="TestCases.TC_LoginTest__001" name="LoginTest" time="28.318"/>
  <system-out/>
</testsuite> <!-- TestCases.TC_LoginTest__001 -->
