<?xml version="1.0" encoding="UTF-8"?>
<!-- Generated by org.testng.reporters.JUnitReportReporter -->
<testsuite hostname="DESKTOP-V310COA" failures="0" tests="1" name="TestCases.TC_RegistrationForm_006" time="51.960" errors="0" timestamp="2020-05-28T14:39:06 IST" skipped="0">
  <testcase classname="TestCases.TC_RegistrationForm_006" name="RegistrationFORM" time="51.960"/>
  <system-out/>
</testsuite> <!-- TestCases.TC_RegistrationForm_006 -->
