<?xml version="1.0" encoding="UTF-8"?>
<!-- Generated by org.testng.reporters.JUnitReportReporter -->
<testsuite hostname="DESKTOP-V310COA" failures="0" tests="2" name="TestCases.TC_DropdownBoxHandle_003" time="63.962" errors="0" timestamp="2020-05-27T13:05:14 IST" skipped="0">
  <testcase classname="TestCases.TC_DropdownBoxHandle_003" name="HandleDropdown" time="39.137"/>
  <system-out/>
  <testcase classname="TestCases.TC_DropdownBoxHandle_003" name="EnterAllCountryName" time="24.825"/>
  <system-out/>
</testsuite> <!-- TestCases.TC_DropdownBoxHandle_003 -->
