<?xml version="1.0" encoding="UTF-8"?>
<!-- Generated by org.testng.reporters.JUnitReportReporter -->
<testsuite hostname="DESKTOP-V310COA" failures="0" tests="3" name="TestCases.TC_Resize_007" time="24.628" errors="0" timestamp="2020-05-28T16:05:21 IST" skipped="0">
  <testcase classname="TestCases.TC_Resize_007" name="ResizeDefaultF" time="21.150"/>
  <system-out/>
  <testcase classname="TestCases.TC_Resize_007" name="ResizeAnimation" time="1.529"/>
  <system-out/>
  <testcase classname="TestCases.TC_Resize_007" name="ConResizeArea" time="1.949"/>
  <system-out/>
</testsuite> <!-- TestCases.TC_Resize_007 -->
